<?xml version="1.0" encoding="UTF-8"?>
<!-- Generated by org.testng.reporters.JUnitReportReporter -->
<testsuite skipped="0" hostname="CSMBHUD215" name="com.JANAADHAAR.Enrollment.DropdownCheck_FamilyMemberDetails" tests="12" failures="0" timestamp="2022-04-14T15:48:58 IST" time="195.164" errors="1">
  <testcase name="EnterBasicFamilyInformationScreen" time="13.996" classname="com.JANAADHAAR.Enrollment.DropdownCheck_FamilyMemberDetails"/>
  <system-out/>
  <testcase name="SelectedDataShouldBeDisplayedForMemberGender" time="170.629" classname="com.JANAADHAAR.Enrollment.DropdownCheck_FamilyMemberDetails">
    <error type="org.openqa.selenium.NoSuchElementException" message="no such element: Unable to locate element: {&quot;method&quot;:&quot;css selector&quot;,&quot;selector&quot;:&quot;#district&quot;}
  (Session info: chrome=100.0.4896.88)
For documentation on this error, please visit: http://seleniumhq.org/exceptions/no_such_element.html
Build info: version: &#039;3.14.0&#039;, revision: &#039;aacccce0&#039;, time: &#039;2018-08-02T20:19:58.91Z&#039;
System info: host: &#039;CSMBHUD215&#039;, ip: &#039;192.168.61.73&#039;, os.name: &#039;Windows 10&#039;, os.arch: &#039;amd64&#039;, os.version: &#039;10.0&#039;, java.version: &#039;1.8.0_191&#039;
Driver info: org.openqa.selenium.chrome.ChromeDriver
Capabilities {acceptInsecureCerts: false, browserName: chrome, browserVersion: 100.0.4896.88, chrome: {chromedriverVersion: 100.0.4896.60 (6a5d10861ce8..., userDataDir: C:\Users\SUBRAT~1.SHA\AppDa...}, goog:chromeOptions: {debuggerAddress: localhost:25253}, javascriptEnabled: true, networkConnectionEnabled: false, pageLoadStrategy: normal, platform: WINDOWS, platformName: WINDOWS, proxy: Proxy(), setWindowRect: true, strictFileInteractability: false, timeouts: {implicit: 0, pageLoad: 300000, script: 30000}, unhandledPromptBehavior: dismiss and notify, webauthn:extension:credBlob: true, webauthn:extension:largeBlob: true, webauthn:virtualAuthenticators: true}
Session ID: f4843553ce17d1c3953d559ba2c25a02
*** Element info: {Using=id, value=district}">
      <![CDATA[org.openqa.selenium.NoSuchElementException: no such element: Unable to locate element: {"method":"css selector","selector":"#district"}
  (Session info: chrome=100.0.4896.88)
For documentation on this error, please visit: http://seleniumhq.org/exceptions/no_such_element.html
Build info: version: '3.14.0', revision: 'aacccce0', time: '2018-08-02T20:19:58.91Z'
System info: host: 'CSMBHUD215', ip: '192.168.61.73', os.name: 'Windows 10', os.arch: 'amd64', os.version: '10.0', java.version: '1.8.0_191'
Driver info: org.openqa.selenium.chrome.ChromeDriver
Capabilities {acceptInsecureCerts: false, browserName: chrome, browserVersion: 100.0.4896.88, chrome: {chromedriverVersion: 100.0.4896.60 (6a5d10861ce8..., userDataDir: C:\Users\SUBRAT~1.SHA\AppDa...}, goog:chromeOptions: {debuggerAddress: localhost:25253}, javascriptEnabled: true, networkConnectionEnabled: false, pageLoadStrategy: normal, platform: WINDOWS, platformName: WINDOWS, proxy: Proxy(), setWindowRect: true, strictFileInteractability: false, timeouts: {implicit: 0, pageLoad: 300000, script: 30000}, unhandledPromptBehavior: dismiss and notify, webauthn:extension:credBlob: true, webauthn:extension:largeBlob: true, webauthn:virtualAuthenticators: true}
Session ID: f4843553ce17d1c3953d559ba2c25a02
*** Element info: {Using=id, value=district}
at sun.reflect.NativeConstructorAccessorImpl.newInstance0(Native Method)
at sun.reflect.NativeConstructorAccessorImpl.newInstance(NativeConstructorAccessorImpl.java:62)
at sun.reflect.DelegatingConstructorAccessorImpl.newInstance(DelegatingConstructorAccessorImpl.java:45)
at java.lang.reflect.Constructor.newInstance(Constructor.java:423)
at org.openqa.selenium.remote.http.W3CHttpResponseCodec.createException(W3CHttpResponseCodec.java:187)
at org.openqa.selenium.remote.http.W3CHttpResponseCodec.decode(W3CHttpResponseCodec.java:122)
at org.openqa.selenium.remote.http.W3CHttpResponseCodec.decode(W3CHttpResponseCodec.java:49)
at org.openqa.selenium.remote.HttpCommandExecutor.execute(HttpCommandExecutor.java:158)
at org.openqa.selenium.remote.service.DriverCommandExecutor.execute(DriverCommandExecutor.java:83)
at org.openqa.selenium.remote.RemoteWebDriver.execute(RemoteWebDriver.java:548)
at org.openqa.selenium.remote.RemoteWebDriver.findElement(RemoteWebDriver.java:322)
at org.openqa.selenium.remote.RemoteWebDriver.findElementById(RemoteWebDriver.java:368)
at org.openqa.selenium.By$ById.findElement(By.java:188)
at org.openqa.selenium.remote.RemoteWebDriver.findElement(RemoteWebDriver.java:314)
at org.openqa.selenium.support.pagefactory.DefaultElementLocator.findElement(DefaultElementLocator.java:69)
at org.openqa.selenium.support.pagefactory.internal.LocatingElementHandler.invoke(LocatingElementHandler.java:38)
at com.sun.proxy.$Proxy9.getTagName(Unknown Source)
at org.openqa.selenium.support.ui.Select.<init>(Select.java:44)
at com.JANAADHAAR.ObjectRepository.JANAADHAAR_MasterModule.NameOfDistrictGetAllOptionsMethod(JANAADHAAR_MasterModule.java:790)
at com.JANAADHAAR.Enrollment.DropdownCheck_FamilyMemberDetails.SelectedDataShouldBeDisplayedForMemberGender(DropdownCheck_FamilyMemberDetails.java:49)
at sun.reflect.NativeMethodAccessorImpl.invoke0(Native Method)
at sun.reflect.NativeMethodAccessorImpl.invoke(NativeMethodAccessorImpl.java:62)
at sun.reflect.DelegatingMethodAccessorImpl.invoke(DelegatingMethodAccessorImpl.java:43)
at java.lang.reflect.Method.invoke(Method.java:498)
at org.testng.internal.MethodInvocationHelper.invokeMethod(MethodInvocationHelper.java:133)
at org.testng.internal.TestInvoker.invokeMethod(TestInvoker.java:598)
at org.testng.internal.TestInvoker.invokeTestMethod(TestInvoker.java:173)
at org.testng.internal.MethodRunner.runInSequence(MethodRunner.java:46)
at org.testng.internal.TestInvoker$MethodInvocationAgent.invoke(TestInvoker.java:824)
at org.testng.internal.TestInvoker.invokeTestMethods(TestInvoker.java:146)
at org.testng.internal.TestMethodWorker.invokeTestMethods(TestMethodWorker.java:146)
at org.testng.internal.TestMethodWorker.run(TestMethodWorker.java:128)
at java.util.ArrayList.forEach(ArrayList.java:1257)
at org.testng.TestRunner.privateRun(TestRunner.java:794)
at org.testng.TestRunner.run(TestRunner.java:596)
at org.testng.SuiteRunner.runTest(SuiteRunner.java:377)
at org.testng.SuiteRunner.runSequentially(SuiteRunner.java:371)
at org.testng.SuiteRunner.privateRun(SuiteRunner.java:332)
at org.testng.SuiteRunner.run(SuiteRunner.java:276)
at org.testng.SuiteRunnerWorker.runSuite(SuiteRunnerWorker.java:53)
at org.testng.SuiteRunnerWorker.run(SuiteRunnerWorker.java:96)
at org.testng.TestNG.runSuitesSequentially(TestNG.java:1212)
at org.testng.TestNG.runSuitesLocally(TestNG.java:1134)
at org.testng.TestNG.runSuites(TestNG.java:1063)
at org.testng.TestNG.run(TestNG.java:1031)
at org.testng.remote.AbstractRemoteTestNG.run(AbstractRemoteTestNG.java:115)
at org.testng.remote.RemoteTestNG.initAndRun(RemoteTestNG.java:251)
at org.testng.remote.RemoteTestNG.main(RemoteTestNG.java:77)
]]>
    </error>
  </testcase> <!-- SelectedDataShouldBeDisplayedForMemberGender -->
  <system-out/>
  <testcase name="SelectedDataShouldBeDisplayedForCategoryOfFamily" time="0.777" classname="com.JANAADHAAR.Enrollment.DropdownCheck_FamilyMemberDetails"/>
  <system-out/>
  <testcase name="SelectedDataShouldBeDisplayedForCaste" time="2.301" classname="com.JANAADHAAR.Enrollment.DropdownCheck_FamilyMemberDetails"/>
  <system-out/>
  <testcase name="SelectedDataShouldBeDisplayedForMaritalStatus" time="0.255" classname="com.JANAADHAAR.Enrollment.DropdownCheck_FamilyMemberDetails"/>
  <system-out/>
  <testcase name="SelectedDataShouldBeDisplayedForResidentCategory" time="0.191" classname="com.JANAADHAAR.Enrollment.DropdownCheck_FamilyMemberDetails"/>
  <system-out/>
  <testcase name="SelectedDataShouldBeDisplayedForEducationLevel" time="0.259" classname="com.JANAADHAAR.Enrollment.DropdownCheck_FamilyMemberDetails"/>
  <system-out/>
  <testcase name="SelectedDataShouldBeDisplayedForOccupation" time="0.353" classname="com.JANAADHAAR.Enrollment.DropdownCheck_FamilyMemberDetails"/>
  <system-out/>
  <testcase name="SelectedDataShouldBeDisplayedForBankName" time="4.588" classname="com.JANAADHAAR.Enrollment.DropdownCheck_FamilyMemberDetails"/>
  <system-out/>
  <testcase name="SelectedDataShouldBeDisplayedForBankDistrict" time="0.549" classname="com.JANAADHAAR.Enrollment.DropdownCheck_FamilyMemberDetails"/>
  <system-out/>
  <testcase name="SelectedDataShouldBeDisplayedForBankIFSCCode" time="1.039" classname="com.JANAADHAAR.Enrollment.DropdownCheck_FamilyMemberDetails"/>
  <system-out/>
  <testcase name="SelectedDataShouldBeDisplayedForLandOwner" time="0.227" classname="com.JANAADHAAR.Enrollment.DropdownCheck_FamilyMemberDetails"/>
  <system-out/>
</testsuite> <!-- com.JANAADHAAR.Enrollment.DropdownCheck_FamilyMemberDetails -->
