<?xml version="1.0" encoding="UTF-8"?>
<!-- Generated by org.testng.reporters.JUnitReportReporter -->
<testsuite skipped="0" hostname="CSMBHUD215" name="com.JANAADHAAR.Enrollment.CharCheck_FamilyMemberDetails" tests="15" failures="0" timestamp="2022-04-14T07:15:46 IST" time="128.896" errors="0">
  <testcase name="EnterBasicFamilyInformationScreen" time="14.234" classname="com.JANAADHAAR.Enrollment.CharCheck_FamilyMemberDetails"/>
  <system-out/>
  <testcase name="AlphabetsCharCheckForAadhaarNo" time="87.927" classname="com.JANAADHAAR.Enrollment.CharCheck_FamilyMemberDetails"/>
  <system-out/>
  <testcase name="NumericCharCheckForFirstNameEng" time="0.164" classname="com.JANAADHAAR.Enrollment.CharCheck_FamilyMemberDetails"/>
  <system-out/>
  <testcase name="NumericCharCheckForMiddleNameEng" time="0.114" classname="com.JANAADHAAR.Enrollment.CharCheck_FamilyMemberDetails"/>
  <system-out/>
  <testcase name="NumericCharCheckForLastNameEng" time="0.110" classname="com.JANAADHAAR.Enrollment.CharCheck_FamilyMemberDetails"/>
  <system-out/>
  <testcase name="NumericCharCheckForFatherNameEng" time="0.118" classname="com.JANAADHAAR.Enrollment.CharCheck_FamilyMemberDetails"/>
  <system-out/>
  <testcase name="NumericCharCheckForMotherNameEng" time="0.118" classname="com.JANAADHAAR.Enrollment.CharCheck_FamilyMemberDetails"/>
  <system-out/>
  <testcase name="AlphabetsCharCheckForAnnualIncome" time="0.116" classname="com.JANAADHAAR.Enrollment.CharCheck_FamilyMemberDetails"/>
  <system-out/>
  <testcase name="AlphabetsCharCheckForMobileNumber" time="0.109" classname="com.JANAADHAAR.Enrollment.CharCheck_FamilyMemberDetails"/>
  <system-out/>
  <testcase name="AlphabetsCharCheckForBankAccountNumber" time="0.098" classname="com.JANAADHAAR.Enrollment.CharCheck_FamilyMemberDetails"/>
  <system-out/>
  <testcase name="InvalidCharCheckForPANNumber" time="25.243" classname="com.JANAADHAAR.Enrollment.CharCheck_FamilyMemberDetails"/>
  <system-out/>
  <testcase name="InvalidCharCheckForDLNumber" time="0.140" classname="com.JANAADHAAR.Enrollment.CharCheck_FamilyMemberDetails"/>
  <system-out/>
  <testcase name="InvalidCharCheckForPassportNumber" time="0.142" classname="com.JANAADHAAR.Enrollment.CharCheck_FamilyMemberDetails"/>
  <system-out/>
  <testcase name="InvalidCharCheckForVoterIDNumber" time="0.135" classname="com.JANAADHAAR.Enrollment.CharCheck_FamilyMemberDetails"/>
  <system-out/>
  <testcase name="InvalidCharCheckForMGNREGANumber" time="0.128" classname="com.JANAADHAAR.Enrollment.CharCheck_FamilyMemberDetails"/>
  <system-out/>
</testsuite> <!-- com.JANAADHAAR.Enrollment.CharCheck_FamilyMemberDetails -->
