<?xml version="1.0" encoding="UTF-8"?>
<!-- Generated by org.testng.reporters.JUnitReportReporter -->
<testsuite skipped="12" hostname="CSMBHUD256" name="com.JANAADHAAR.Enrollment.SpecialCharCheck_BasicFamilyInformation" tests="13" failures="0" timestamp="2022-06-02T14:47:45 IST" time="0.001" errors="1">
  <testcase name="openBrowser" time="0.001" classname="com.JANAADHAAR.Enrollment.SpecialCharCheck_BasicFamilyInformation">
    <error type="java.lang.NoClassDefFoundError" message="org/apache/hc/core5/http/ClassicHttpRequest">
      <![CDATA[java.lang.NoClassDefFoundError: org/apache/hc/core5/http/ClassicHttpRequest
at com.JANAADHAAR.GenericsLibrary.BaseTest.openBrowser(BaseTest.java:20)
at sun.reflect.NativeMethodAccessorImpl.invoke0(Native Method)
at sun.reflect.NativeMethodAccessorImpl.invoke(NativeMethodAccessorImpl.java:62)
at sun.reflect.DelegatingMethodAccessorImpl.invoke(DelegatingMethodAccessorImpl.java:43)
at java.lang.reflect.Method.invoke(Method.java:498)
at org.testng.internal.MethodInvocationHelper.invokeMethod(MethodInvocationHelper.java:133)
at org.testng.internal.MethodInvocationHelper.invokeMethodConsideringTimeout(MethodInvocationHelper.java:62)
at org.testng.internal.ConfigInvoker.invokeConfigurationMethod(ConfigInvoker.java:385)
at org.testng.internal.ConfigInvoker.invokeConfigurations(ConfigInvoker.java:321)
at org.testng.internal.TestMethodWorker.invokeBeforeClassMethods(TestMethodWorker.java:176)
at org.testng.internal.TestMethodWorker.run(TestMethodWorker.java:122)
at java.util.ArrayList.forEach(ArrayList.java:1257)
at org.testng.TestRunner.privateRun(TestRunner.java:794)
at org.testng.TestRunner.run(TestRunner.java:596)
at org.testng.SuiteRunner.runTest(SuiteRunner.java:377)
at org.testng.SuiteRunner.runSequentially(SuiteRunner.java:371)
at org.testng.SuiteRunner.privateRun(SuiteRunner.java:332)
at org.testng.SuiteRunner.run(SuiteRunner.java:276)
at org.testng.SuiteRunnerWorker.runSuite(SuiteRunnerWorker.java:53)
at org.testng.SuiteRunnerWorker.run(SuiteRunnerWorker.java:96)
at org.testng.TestNG.runSuitesSequentially(TestNG.java:1212)
at org.testng.TestNG.runSuitesLocally(TestNG.java:1134)
at org.testng.TestNG.runSuites(TestNG.java:1063)
at org.testng.TestNG.run(TestNG.java:1031)
at org.testng.remote.AbstractRemoteTestNG.run(AbstractRemoteTestNG.java:115)
at org.testng.remote.RemoteTestNG.initAndRun(RemoteTestNG.java:251)
at org.testng.remote.RemoteTestNG.main(RemoteTestNG.java:77)
Caused by: java.lang.ClassNotFoundException: org.apache.hc.core5.http.ClassicHttpRequest
at java.net.URLClassLoader.findClass(URLClassLoader.java:381)
at java.lang.ClassLoader.loadClass(ClassLoader.java:424)
at sun.misc.Launcher$AppClassLoader.loadClass(Launcher.java:349)
at java.lang.ClassLoader.loadClass(ClassLoader.java:357)
... 27 more
]]>
    </error>
  </testcase> <!-- openBrowser -->
  <system-out/>
  <testcase name="EnterBasicFamilyInformationScreen" time="0.000" classname="com.JANAADHAAR.Enrollment.SpecialCharCheck_BasicFamilyInformation">
    <skipped/>
  </testcase> <!-- EnterBasicFamilyInformationScreen -->
  <system-out/>
  <testcase name="SpecialCharCheckForPincode" time="0.000" classname="com.JANAADHAAR.Enrollment.SpecialCharCheck_BasicFamilyInformation">
    <skipped/>
  </testcase> <!-- SpecialCharCheckForPincode -->
  <system-out/>
  <testcase name="SpecialCharCheckForHouseNo" time="0.000" classname="com.JANAADHAAR.Enrollment.SpecialCharCheck_BasicFamilyInformation">
    <skipped/>
  </testcase> <!-- SpecialCharCheckForHouseNo -->
  <system-out/>
  <testcase name="SpecialCharCheckForStreetEng" time="0.000" classname="com.JANAADHAAR.Enrollment.SpecialCharCheck_BasicFamilyInformation">
    <skipped/>
  </testcase> <!-- SpecialCharCheckForStreetEng -->
  <system-out/>
  <testcase name="SpecialCharCheckForPlaceEng" time="0.000" classname="com.JANAADHAAR.Enrollment.SpecialCharCheck_BasicFamilyInformation">
    <skipped/>
  </testcase> <!-- SpecialCharCheckForPlaceEng -->
  <system-out/>
  <testcase name="SpecialCharCheckForLandmarkEng" time="0.000" classname="com.JANAADHAAR.Enrollment.SpecialCharCheck_BasicFamilyInformation">
    <skipped/>
  </testcase> <!-- SpecialCharCheckForLandmarkEng -->
  <system-out/>
  <testcase name="SpecialCharCheckForDurationOfStay" time="0.000" classname="com.JANAADHAAR.Enrollment.SpecialCharCheck_BasicFamilyInformation">
    <skipped/>
  </testcase> <!-- SpecialCharCheckForDurationOfStay -->
  <system-out/>
  <testcase name="SpecialCharCheckForTelephoneNo" time="0.000" classname="com.JANAADHAAR.Enrollment.SpecialCharCheck_BasicFamilyInformation">
    <skipped/>
  </testcase> <!-- SpecialCharCheckForTelephoneNo -->
  <system-out/>
  <testcase name="SpecialCharCheckForElectricityBillNo" time="0.000" classname="com.JANAADHAAR.Enrollment.SpecialCharCheck_BasicFamilyInformation">
    <skipped/>
  </testcase> <!-- SpecialCharCheckForElectricityBillNo -->
  <system-out/>
  <testcase name="SpecialCharCheckForWaterBillNo" time="0.000" classname="com.JANAADHAAR.Enrollment.SpecialCharCheck_BasicFamilyInformation">
    <skipped/>
  </testcase> <!-- SpecialCharCheckForWaterBillNo -->
  <system-out/>
  <testcase name="SpecialCharCheckForGasConnectionNo" time="0.000" classname="com.JANAADHAAR.Enrollment.SpecialCharCheck_BasicFamilyInformation">
    <skipped/>
  </testcase> <!-- SpecialCharCheckForGasConnectionNo -->
  <system-out/>
  <testcase name="SpecialCharCheckForBPLNo" time="0.000" classname="com.JANAADHAAR.Enrollment.SpecialCharCheck_BasicFamilyInformation">
    <skipped/>
  </testcase> <!-- SpecialCharCheckForBPLNo -->
  <system-out/>
</testsuite> <!-- com.JANAADHAAR.Enrollment.SpecialCharCheck_BasicFamilyInformation -->
