<?xml version="1.0" encoding="UTF-8"?>
<!-- Generated by org.testng.reporters.JUnitReportReporter -->
<testsuite hostname="CSMBHUD215" failures="0" tests="7" name="com.JANAADHAAR.CitizenRegistration.FieldValidation" time="398.957" errors="0" timestamp="2021-10-20T14:47:49 IST" skipped="0">
  <testcase classname="com.JANAADHAAR.CitizenRegistration.FieldValidation" name="EnterCitizenRegistrationScreen" time="6.974"/>
  <system-out/>
  <testcase classname="com.JANAADHAAR.CitizenRegistration.FieldValidation" name="MandatoryCheckForCitizenRegistration" time="12.358"/>
  <system-out/>
  <testcase classname="com.JANAADHAAR.CitizenRegistration.FieldValidation" name="SpecialCharCheckforCitizenRegistration" time="95.893"/>
  <system-out/>
  <testcase classname="com.JANAADHAAR.CitizenRegistration.FieldValidation" name="AlphanumericCharCheckforCitizenRegistration" time="95.836"/>
  <system-out/>
  <testcase classname="com.JANAADHAAR.CitizenRegistration.FieldValidation" name="LengthCheckForCitizenRegistration" time="5.516"/>
  <system-out/>
  <testcase classname="com.JANAADHAAR.CitizenRegistration.FieldValidation" name="DuplicacyCheckForCitizenRegistration" time="6.554"/>
  <system-out/>
  <testcase classname="com.JANAADHAAR.CitizenRegistration.FieldValidation" name="WhiteSpaceCheckForCitizenRegistration" time="175.826"/>
  <system-out/>
</testsuite> <!-- com.JANAADHAAR.CitizenRegistration.FieldValidation -->
