<?xml version="1.0" encoding="UTF-8"?>
<!-- Generated by org.testng.reporters.JUnitReportReporter -->
<testsuite skipped="12" hostname="CSMBHUD256" name="com.JANAADHAAR.Enrollment.AlphaNumericCharCheck_BasicFamilyInformation" tests="13" failures="0" timestamp="2022-07-05T12:10:38 IST" time="0.008" errors="1">
  <testcase name="EnterBasicFamilyInformationScreen" time="0.000" classname="com.JANAADHAAR.Enrollment.AlphaNumericCharCheck_BasicFamilyInformation">
    <skipped/>
  </testcase> <!-- EnterBasicFamilyInformationScreen -->
  <system-out/>
  <testcase name="openBrowser" time="0.008" classname="com.JANAADHAAR.Enrollment.AlphaNumericCharCheck_BasicFamilyInformation">
    <error type="java.lang.NoClassDefFoundError" message="org/apache/hc/core5/http/ClassicHttpRequest">
      <![CDATA[java.lang.NoClassDefFoundError: org/apache/hc/core5/http/ClassicHttpRequest
at com.JANAADHAAR.GenericsLibrary.BaseTest.openBrowser(BaseTest.java:20)
at sun.reflect.NativeMethodAccessorImpl.invoke0(Native Method)
at sun.reflect.NativeMethodAccessorImpl.invoke(NativeMethodAccessorImpl.java:62)
at sun.reflect.DelegatingMethodAccessorImpl.invoke(DelegatingMethodAccessorImpl.java:43)
at java.lang.reflect.Method.invoke(Method.java:498)
at org.testng.internal.MethodInvocationHelper.invokeMethod(MethodInvocationHelper.java:133)
at org.testng.internal.MethodInvocationHelper.invokeMethodConsideringTimeout(MethodInvocationHelper.java:62)
at org.testng.internal.ConfigInvoker.invokeConfigurationMethod(ConfigInvoker.java:385)
at org.testng.internal.ConfigInvoker.invokeConfigurations(ConfigInvoker.java:321)
at org.testng.internal.TestMethodWorker.invokeBeforeClassMethods(TestMethodWorker.java:176)
at org.testng.internal.TestMethodWorker.run(TestMethodWorker.java:122)
at java.util.ArrayList.forEach(ArrayList.java:1257)
at org.testng.TestRunner.privateRun(TestRunner.java:794)
at org.testng.TestRunner.run(TestRunner.java:596)
at org.testng.SuiteRunner.runTest(SuiteRunner.java:377)
at org.testng.SuiteRunner.runSequentially(SuiteRunner.java:371)
at org.testng.SuiteRunner.privateRun(SuiteRunner.java:332)
at org.testng.SuiteRunner.run(SuiteRunner.java:276)
at org.testng.SuiteRunnerWorker.runSuite(SuiteRunnerWorker.java:53)
at org.testng.SuiteRunnerWorker.run(SuiteRunnerWorker.java:96)
at org.testng.TestNG.runSuitesSequentially(TestNG.java:1212)
at org.testng.TestNG.runSuitesLocally(TestNG.java:1134)
at org.testng.TestNG.runSuites(TestNG.java:1063)
at org.testng.TestNG.run(TestNG.java:1031)
at org.testng.remote.AbstractRemoteTestNG.run(AbstractRemoteTestNG.java:115)
at org.testng.remote.RemoteTestNG.initAndRun(RemoteTestNG.java:251)
at org.testng.remote.RemoteTestNG.main(RemoteTestNG.java:77)
Caused by: java.lang.ClassNotFoundException: org.apache.hc.core5.http.ClassicHttpRequest
at java.net.URLClassLoader.findClass(URLClassLoader.java:381)
at java.lang.ClassLoader.loadClass(ClassLoader.java:424)
at sun.misc.Launcher$AppClassLoader.loadClass(Launcher.java:349)
at java.lang.ClassLoader.loadClass(ClassLoader.java:357)
... 27 more
]]>
    </error>
  </testcase> <!-- openBrowser -->
  <system-out/>
  <testcase name="AlphabetsCharCheckForPincode" time="0.000" classname="com.JANAADHAAR.Enrollment.AlphaNumericCharCheck_BasicFamilyInformation">
    <skipped/>
  </testcase> <!-- AlphabetsCharCheckForPincode -->
  <system-out/>
  <testcase name="AlphaNumericCharCheckForHouseNo" time="0.000" classname="com.JANAADHAAR.Enrollment.AlphaNumericCharCheck_BasicFamilyInformation">
    <skipped/>
  </testcase> <!-- AlphaNumericCharCheckForHouseNo -->
  <system-out/>
  <testcase name="AlphaNumericCharCheckForStreetEng" time="0.000" classname="com.JANAADHAAR.Enrollment.AlphaNumericCharCheck_BasicFamilyInformation">
    <skipped/>
  </testcase> <!-- AlphaNumericCharCheckForStreetEng -->
  <system-out/>
  <testcase name="AlphaNumericCharCheckForPlaceEng" time="0.000" classname="com.JANAADHAAR.Enrollment.AlphaNumericCharCheck_BasicFamilyInformation">
    <skipped/>
  </testcase> <!-- AlphaNumericCharCheckForPlaceEng -->
  <system-out/>
  <testcase name="AlphaNumericCharCheckForLandmarkEng" time="0.000" classname="com.JANAADHAAR.Enrollment.AlphaNumericCharCheck_BasicFamilyInformation">
    <skipped/>
  </testcase> <!-- AlphaNumericCharCheckForLandmarkEng -->
  <system-out/>
  <testcase name="AlphabetsCharCheckForDurationOfStay" time="0.000" classname="com.JANAADHAAR.Enrollment.AlphaNumericCharCheck_BasicFamilyInformation">
    <skipped/>
  </testcase> <!-- AlphabetsCharCheckForDurationOfStay -->
  <system-out/>
  <testcase name="AlphabetsCharCheckForTelephoneNo" time="0.000" classname="com.JANAADHAAR.Enrollment.AlphaNumericCharCheck_BasicFamilyInformation">
    <skipped/>
  </testcase> <!-- AlphabetsCharCheckForTelephoneNo -->
  <system-out/>
  <testcase name="AlphanumericCharCheckForElectricityBillNo" time="0.000" classname="com.JANAADHAAR.Enrollment.AlphaNumericCharCheck_BasicFamilyInformation">
    <skipped/>
  </testcase> <!-- AlphanumericCharCheckForElectricityBillNo -->
  <system-out/>
  <testcase name="AlphaNumericCharCheckForWaterBillNo" time="0.000" classname="com.JANAADHAAR.Enrollment.AlphaNumericCharCheck_BasicFamilyInformation">
    <skipped/>
  </testcase> <!-- AlphaNumericCharCheckForWaterBillNo -->
  <system-out/>
  <testcase name="AlphaNumericCharCheckForGasConnectionNo" time="0.000" classname="com.JANAADHAAR.Enrollment.AlphaNumericCharCheck_BasicFamilyInformation">
    <skipped/>
  </testcase> <!-- AlphaNumericCharCheckForGasConnectionNo -->
  <system-out/>
  <testcase name="AlphaNumericCharCheckForBPLNo" time="0.000" classname="com.JANAADHAAR.Enrollment.AlphaNumericCharCheck_BasicFamilyInformation">
    <skipped/>
  </testcase> <!-- AlphaNumericCharCheckForBPLNo -->
  <system-out/>
</testsuite> <!-- com.JANAADHAAR.Enrollment.AlphaNumericCharCheck_BasicFamilyInformation -->
