<?xml version="1.0" encoding="UTF-8"?>
<!-- Generated by org.testng.reporters.JUnitReportReporter -->
<testsuite skipped="0" hostname="CSMBHUD215" name="com.JANAADHAAR.Enrollment.AlphaNumericCharCheck_FamilyMemberDetails" tests="10" failures="0" timestamp="2022-04-13T18:29:10 IST" time="102.719" errors="0">
  <testcase name="EnterBasicFamilyInformationScreen" time="14.136" classname="com.JANAADHAAR.Enrollment.AlphaNumericCharCheck_FamilyMemberDetails"/>
  <system-out/>
  <testcase name="AlphabetsCharCheckForAadhaarNo" time="87.654" classname="com.JANAADHAAR.Enrollment.AlphaNumericCharCheck_FamilyMemberDetails"/>
  <system-out/>
  <testcase name="NumericCharCheckForFirstNameEng" time="0.145" classname="com.JANAADHAAR.Enrollment.AlphaNumericCharCheck_FamilyMemberDetails"/>
  <system-out/>
  <testcase name="NumericCharCheckForMiddleNameEng" time="0.118" classname="com.JANAADHAAR.Enrollment.AlphaNumericCharCheck_FamilyMemberDetails"/>
  <system-out/>
  <testcase name="NumericCharCheckForLastNameEng" time="0.106" classname="com.JANAADHAAR.Enrollment.AlphaNumericCharCheck_FamilyMemberDetails"/>
  <system-out/>
  <testcase name="NumericCharCheckForFatherNameEng" time="0.111" classname="com.JANAADHAAR.Enrollment.AlphaNumericCharCheck_FamilyMemberDetails"/>
  <system-out/>
  <testcase name="NumericCharCheckForMotherNameEng" time="0.123" classname="com.JANAADHAAR.Enrollment.AlphaNumericCharCheck_FamilyMemberDetails"/>
  <system-out/>
  <testcase name="AlphabetsCharCheckForAnnualIncome" time="0.121" classname="com.JANAADHAAR.Enrollment.AlphaNumericCharCheck_FamilyMemberDetails"/>
  <system-out/>
  <testcase name="AlphabetsCharCheckForMobileNumber" time="0.100" classname="com.JANAADHAAR.Enrollment.AlphaNumericCharCheck_FamilyMemberDetails"/>
  <system-out/>
  <testcase name="AlphabetsCharCheckForBankAccountNumber" time="0.105" classname="com.JANAADHAAR.Enrollment.AlphaNumericCharCheck_FamilyMemberDetails"/>
  <system-out/>
</testsuite> <!-- com.JANAADHAAR.Enrollment.AlphaNumericCharCheck_FamilyMemberDetails -->
