<?xml version="1.0" encoding="UTF-8"?>
<!-- Generated by org.testng.reporters.JUnitReportReporter -->
<testsuite skipped="0" hostname="CSMBHUD215" name="com.JANAADHAAR.Enrollment.WhiteSpaceCheck_FamilyMemberDetails" tests="29" failures="0" timestamp="2022-04-14T06:28:17 IST" time="303.073" errors="0">
  <testcase name="EnterBasicFamilyInformationScreen" time="14.614" classname="com.JANAADHAAR.Enrollment.WhiteSpaceCheck_FamilyMemberDetails"/>
  <system-out/>
  <testcase name="WhiteSpaceInitialCheckForAadhaarNo" time="26.669" classname="com.JANAADHAAR.Enrollment.WhiteSpaceCheck_FamilyMemberDetails"/>
  <system-out/>
  <testcase name="WhiteSpaceInitialCheckForFirstNameEng" time="74.796" classname="com.JANAADHAAR.Enrollment.WhiteSpaceCheck_FamilyMemberDetails"/>
  <system-out/>
  <testcase name="WhiteSpaceInitialCheckForMiddleNameEng" time="0.131" classname="com.JANAADHAAR.Enrollment.WhiteSpaceCheck_FamilyMemberDetails"/>
  <system-out/>
  <testcase name="WhiteSpaceInitialCheckForLastNameEng" time="0.105" classname="com.JANAADHAAR.Enrollment.WhiteSpaceCheck_FamilyMemberDetails"/>
  <system-out/>
  <testcase name="WhiteSpaceInitialCheckForFatherNameEng" time="0.111" classname="com.JANAADHAAR.Enrollment.WhiteSpaceCheck_FamilyMemberDetails"/>
  <system-out/>
  <testcase name="WhiteSpaceInitialCheckForMotherNameEng" time="0.112" classname="com.JANAADHAAR.Enrollment.WhiteSpaceCheck_FamilyMemberDetails"/>
  <system-out/>
  <testcase name="WhiteSpaceInitialCheckForMobileNumber" time="0.109" classname="com.JANAADHAAR.Enrollment.WhiteSpaceCheck_FamilyMemberDetails"/>
  <system-out/>
  <testcase name="WhiteSpaceInitialCheckForAnnualIncome" time="0.094" classname="com.JANAADHAAR.Enrollment.WhiteSpaceCheck_FamilyMemberDetails"/>
  <system-out/>
  <testcase name="WhiteSpaceInitialCheckForBankAccountNumber" time="0.095" classname="com.JANAADHAAR.Enrollment.WhiteSpaceCheck_FamilyMemberDetails"/>
  <system-out/>
  <testcase name="WhiteSpaceLastCheckForAadhaarNo" time="55.522" classname="com.JANAADHAAR.Enrollment.WhiteSpaceCheck_FamilyMemberDetails"/>
  <system-out/>
  <testcase name="WhiteSpaceLastCheckForFirstNameEng" time="74.620" classname="com.JANAADHAAR.Enrollment.WhiteSpaceCheck_FamilyMemberDetails"/>
  <system-out/>
  <testcase name="WhiteSpaceLastCheckForMiddleNameEng" time="0.091" classname="com.JANAADHAAR.Enrollment.WhiteSpaceCheck_FamilyMemberDetails"/>
  <system-out/>
  <testcase name="WhiteSpaceLastCheckForLastNameEng" time="0.072" classname="com.JANAADHAAR.Enrollment.WhiteSpaceCheck_FamilyMemberDetails"/>
  <system-out/>
  <testcase name="WhiteSpaceLastCheckForFatherNameEng" time="0.094" classname="com.JANAADHAAR.Enrollment.WhiteSpaceCheck_FamilyMemberDetails"/>
  <system-out/>
  <testcase name="WhiteSpaceLastCheckForMotherNameEng" time="0.069" classname="com.JANAADHAAR.Enrollment.WhiteSpaceCheck_FamilyMemberDetails"/>
  <system-out/>
  <testcase name="WhiteSpaceLastCheckForMobileNumber" time="0.065" classname="com.JANAADHAAR.Enrollment.WhiteSpaceCheck_FamilyMemberDetails"/>
  <system-out/>
  <testcase name="WhiteSpaceLastCheckForAnnualIncome" time="0.061" classname="com.JANAADHAAR.Enrollment.WhiteSpaceCheck_FamilyMemberDetails"/>
  <system-out/>
  <testcase name="WhiteSpaceLastCheckForBankAccountNumber" time="0.069" classname="com.JANAADHAAR.Enrollment.WhiteSpaceCheck_FamilyMemberDetails"/>
  <system-out/>
  <testcase name="WhiteSpaceInitialCheckForPANNumber" time="12.723" classname="com.JANAADHAAR.Enrollment.WhiteSpaceCheck_FamilyMemberDetails"/>
  <system-out/>
  <testcase name="WhiteSpaceInitialCheckForDLNumber" time="0.081" classname="com.JANAADHAAR.Enrollment.WhiteSpaceCheck_FamilyMemberDetails"/>
  <system-out/>
  <testcase name="WhiteSpaceInitialCheckForPassportNumber" time="0.087" classname="com.JANAADHAAR.Enrollment.WhiteSpaceCheck_FamilyMemberDetails"/>
  <system-out/>
  <testcase name="WhiteSpaceInitialCheckForVoterIDNumber" time="0.079" classname="com.JANAADHAAR.Enrollment.WhiteSpaceCheck_FamilyMemberDetails"/>
  <system-out/>
  <testcase name="WhiteSpaceInitialCheckForMGNREGANumber" time="0.083" classname="com.JANAADHAAR.Enrollment.WhiteSpaceCheck_FamilyMemberDetails"/>
  <system-out/>
  <testcase name="WhiteSpaceLastCheckForPANNumber" time="26.561" classname="com.JANAADHAAR.Enrollment.WhiteSpaceCheck_FamilyMemberDetails"/>
  <system-out/>
  <testcase name="WhiteSpaceLastCheckForDLNumber" time="0.089" classname="com.JANAADHAAR.Enrollment.WhiteSpaceCheck_FamilyMemberDetails"/>
  <system-out/>
  <testcase name="WhiteSpaceLastCheckForPassportNumber" time="0.135" classname="com.JANAADHAAR.Enrollment.WhiteSpaceCheck_FamilyMemberDetails"/>
  <system-out/>
  <testcase name="WhiteSpaceLastCheckForVoterIDNumber" time="0.079" classname="com.JANAADHAAR.Enrollment.WhiteSpaceCheck_FamilyMemberDetails"/>
  <system-out/>
  <testcase name="WhiteSpaceLastCheckForMGNREGANumber" time="15.657" classname="com.JANAADHAAR.Enrollment.WhiteSpaceCheck_FamilyMemberDetails"/>
  <system-out/>
</testsuite> <!-- com.JANAADHAAR.Enrollment.WhiteSpaceCheck_FamilyMemberDetails -->
