<?xml version="1.0" encoding="UTF-8"?>
<!-- Generated by org.testng.reporters.JUnitReportReporter -->
<testsuite hostname="CSMBHUD215" failures="0" tests="3" name="com.JANAADHAAR.Enrollment.FieldValidation_FamilyIdentitydocs" time="994.257" errors="0" timestamp="2021-10-28T13:45:36 IST" skipped="0">
  <testcase classname="com.JANAADHAAR.Enrollment.FieldValidation_FamilyIdentitydocs" name="EnterFamilyIdentityDocsScreen" time="57.108"/>
  <system-out/>
  <testcase classname="com.JANAADHAAR.Enrollment.FieldValidation_FamilyIdentitydocs" name="MandatoryCheckForFamilyIdentitydocs" time="1.376"/>
  <system-out/>
  <testcase classname="com.JANAADHAAR.Enrollment.FieldValidation_FamilyIdentitydocs" name="SpecialCharCheckforFamilyIdentitydocs" time="935.773"/>
  <system-out/>
</testsuite> <!-- com.JANAADHAAR.Enrollment.FieldValidation_FamilyIdentitydocs -->
