<?xml version="1.0" encoding="UTF-8"?>
<!-- Generated by org.testng.reporters.JUnitReportReporter -->
<testsuite skipped="0" hostname="CSMBHUD256" name="Praticecode.Hashmap" tests="2" failures="0" timestamp="2023-04-06T15:49:28 IST" time="39.195" errors="0">
  <testcase name="applyforgrievance" time="22.537" classname="Praticecode.Hashmap"/>
  <system-out/>
  <testcase name="checkstatus" time="16.658" classname="Praticecode.Hashmap"/>
  <system-out/>
</testsuite> <!-- Praticecode.Hashmap -->
