<?xml version="1.0" encoding="UTF-8"?>
<!-- Generated by org.testng.reporters.JUnitReportReporter -->
<testsuite skipped="0" hostname="CSMBHUD215" name="com.JANAADHAAR.Enrollment.SpecialCharCheck_FamilyMemberDetails" tests="15" failures="0" timestamp="2022-04-14T06:38:08 IST" time="184.045" errors="0">
  <testcase name="EnterBasicFamilyInformationScreen" time="13.950" classname="com.JANAADHAAR.Enrollment.SpecialCharCheck_FamilyMemberDetails"/>
  <system-out/>
  <testcase name="SpecialCharCheckForAadhaarNo" time="88.044" classname="com.JANAADHAAR.Enrollment.SpecialCharCheck_FamilyMemberDetails"/>
  <system-out/>
  <testcase name="SpecialCharCheckForFirstNameEng" time="0.161" classname="com.JANAADHAAR.Enrollment.SpecialCharCheck_FamilyMemberDetails"/>
  <system-out/>
  <testcase name="SpecialCharCheckForMiddleNameEng" time="0.127" classname="com.JANAADHAAR.Enrollment.SpecialCharCheck_FamilyMemberDetails"/>
  <system-out/>
  <testcase name="SpecialCharCheckForLastNameEng" time="0.112" classname="com.JANAADHAAR.Enrollment.SpecialCharCheck_FamilyMemberDetails"/>
  <system-out/>
  <testcase name="SpecialCharCheckForFatherNameEng" time="0.142" classname="com.JANAADHAAR.Enrollment.SpecialCharCheck_FamilyMemberDetails"/>
  <system-out/>
  <testcase name="SpecialCharCheckForMotherNameEng" time="0.120" classname="com.JANAADHAAR.Enrollment.SpecialCharCheck_FamilyMemberDetails"/>
  <system-out/>
  <testcase name="SpecialCharCheckForAnnualIncome" time="0.114" classname="com.JANAADHAAR.Enrollment.SpecialCharCheck_FamilyMemberDetails"/>
  <system-out/>
  <testcase name="SpecialCharCheckForMobileNumber" time="0.106" classname="com.JANAADHAAR.Enrollment.SpecialCharCheck_FamilyMemberDetails"/>
  <system-out/>
  <testcase name="SpecialCharCheckForBankAccountNumber" time="0.097" classname="com.JANAADHAAR.Enrollment.SpecialCharCheck_FamilyMemberDetails"/>
  <system-out/>
  <testcase name="SpecialCharCheckForPANNumber" time="80.313" classname="com.JANAADHAAR.Enrollment.SpecialCharCheck_FamilyMemberDetails"/>
  <system-out/>
  <testcase name="SpecialCharCheckForDLNumber" time="0.171" classname="com.JANAADHAAR.Enrollment.SpecialCharCheck_FamilyMemberDetails"/>
  <system-out/>
  <testcase name="SpecialCharCheckForPassportNumber" time="0.161" classname="com.JANAADHAAR.Enrollment.SpecialCharCheck_FamilyMemberDetails"/>
  <system-out/>
  <testcase name="SpecialCharCheckForVoterIDNumber" time="0.164" classname="com.JANAADHAAR.Enrollment.SpecialCharCheck_FamilyMemberDetails"/>
  <system-out/>
  <testcase name="SpecialCharCheckForMGNREGANumber" time="0.263" classname="com.JANAADHAAR.Enrollment.SpecialCharCheck_FamilyMemberDetails"/>
  <system-out/>
</testsuite> <!-- com.JANAADHAAR.Enrollment.SpecialCharCheck_FamilyMemberDetails -->
