<?xml version="1.0" encoding="UTF-8"?>
<!-- Generated by org.testng.reporters.JUnitReportReporter -->
<testsuite skipped="23" hostname="CSMBHUD256" name="com.JANAADHAAR.Enrollment.WhiteSpaceCheck_BasicFamilyInformation" tests="24" failures="0" timestamp="2022-06-02T14:47:45 IST" time="0.001" errors="1">
  <testcase name="openBrowser" time="0.001" classname="com.JANAADHAAR.Enrollment.WhiteSpaceCheck_BasicFamilyInformation">
    <error type="java.lang.NoClassDefFoundError" message="org/apache/hc/core5/http/ClassicHttpRequest">
      <![CDATA[java.lang.NoClassDefFoundError: org/apache/hc/core5/http/ClassicHttpRequest
at com.JANAADHAAR.GenericsLibrary.BaseTest.openBrowser(BaseTest.java:20)
at sun.reflect.NativeMethodAccessorImpl.invoke0(Native Method)
at sun.reflect.NativeMethodAccessorImpl.invoke(NativeMethodAccessorImpl.java:62)
at sun.reflect.DelegatingMethodAccessorImpl.invoke(DelegatingMethodAccessorImpl.java:43)
at java.lang.reflect.Method.invoke(Method.java:498)
at org.testng.internal.MethodInvocationHelper.invokeMethod(MethodInvocationHelper.java:133)
at org.testng.internal.MethodInvocationHelper.invokeMethodConsideringTimeout(MethodInvocationHelper.java:62)
at org.testng.internal.ConfigInvoker.invokeConfigurationMethod(ConfigInvoker.java:385)
at org.testng.internal.ConfigInvoker.invokeConfigurations(ConfigInvoker.java:321)
at org.testng.internal.TestMethodWorker.invokeBeforeClassMethods(TestMethodWorker.java:176)
at org.testng.internal.TestMethodWorker.run(TestMethodWorker.java:122)
at java.util.ArrayList.forEach(ArrayList.java:1257)
at org.testng.TestRunner.privateRun(TestRunner.java:794)
at org.testng.TestRunner.run(TestRunner.java:596)
at org.testng.SuiteRunner.runTest(SuiteRunner.java:377)
at org.testng.SuiteRunner.runSequentially(SuiteRunner.java:371)
at org.testng.SuiteRunner.privateRun(SuiteRunner.java:332)
at org.testng.SuiteRunner.run(SuiteRunner.java:276)
at org.testng.SuiteRunnerWorker.runSuite(SuiteRunnerWorker.java:53)
at org.testng.SuiteRunnerWorker.run(SuiteRunnerWorker.java:96)
at org.testng.TestNG.runSuitesSequentially(TestNG.java:1212)
at org.testng.TestNG.runSuitesLocally(TestNG.java:1134)
at org.testng.TestNG.runSuites(TestNG.java:1063)
at org.testng.TestNG.run(TestNG.java:1031)
at org.testng.remote.AbstractRemoteTestNG.run(AbstractRemoteTestNG.java:115)
at org.testng.remote.RemoteTestNG.initAndRun(RemoteTestNG.java:251)
at org.testng.remote.RemoteTestNG.main(RemoteTestNG.java:77)
Caused by: java.lang.ClassNotFoundException: org.apache.hc.core5.http.ClassicHttpRequest
at java.net.URLClassLoader.findClass(URLClassLoader.java:381)
at java.lang.ClassLoader.loadClass(ClassLoader.java:424)
at sun.misc.Launcher$AppClassLoader.loadClass(Launcher.java:349)
at java.lang.ClassLoader.loadClass(ClassLoader.java:357)
... 27 more
]]>
    </error>
  </testcase> <!-- openBrowser -->
  <system-out/>
  <testcase name="EnterBasicFamilyInformationScreen" time="0.000" classname="com.JANAADHAAR.Enrollment.WhiteSpaceCheck_BasicFamilyInformation">
    <skipped/>
  </testcase> <!-- EnterBasicFamilyInformationScreen -->
  <system-out/>
  <testcase name="WhiteSpaceCheckInitialForPincode" time="0.000" classname="com.JANAADHAAR.Enrollment.WhiteSpaceCheck_BasicFamilyInformation">
    <skipped/>
  </testcase> <!-- WhiteSpaceCheckInitialForPincode -->
  <system-out/>
  <testcase name="WhiteSpaceCheckLastForPincode" time="0.000" classname="com.JANAADHAAR.Enrollment.WhiteSpaceCheck_BasicFamilyInformation">
    <skipped/>
  </testcase> <!-- WhiteSpaceCheckLastForPincode -->
  <system-out/>
  <testcase name="WhiteSpaceCheckInitialForHouseNo" time="0.000" classname="com.JANAADHAAR.Enrollment.WhiteSpaceCheck_BasicFamilyInformation">
    <skipped/>
  </testcase> <!-- WhiteSpaceCheckInitialForHouseNo -->
  <system-out/>
  <testcase name="WhiteSpaceCheckLastForHouseNo" time="0.000" classname="com.JANAADHAAR.Enrollment.WhiteSpaceCheck_BasicFamilyInformation">
    <skipped/>
  </testcase> <!-- WhiteSpaceCheckLastForHouseNo -->
  <system-out/>
  <testcase name="WhiteSpaceCheckInitialForStreetEng" time="0.000" classname="com.JANAADHAAR.Enrollment.WhiteSpaceCheck_BasicFamilyInformation">
    <skipped/>
  </testcase> <!-- WhiteSpaceCheckInitialForStreetEng -->
  <system-out/>
  <testcase name="WhiteSpaceCheckInitialForPlaceEng" time="0.000" classname="com.JANAADHAAR.Enrollment.WhiteSpaceCheck_BasicFamilyInformation">
    <skipped/>
  </testcase> <!-- WhiteSpaceCheckInitialForPlaceEng -->
  <system-out/>
  <testcase name="WhiteSpaceCheckLastForStreetEng" time="0.000" classname="com.JANAADHAAR.Enrollment.WhiteSpaceCheck_BasicFamilyInformation">
    <skipped/>
  </testcase> <!-- WhiteSpaceCheckLastForStreetEng -->
  <system-out/>
  <testcase name="WhiteSpaceCheckLastForPlaceEng" time="0.000" classname="com.JANAADHAAR.Enrollment.WhiteSpaceCheck_BasicFamilyInformation">
    <skipped/>
  </testcase> <!-- WhiteSpaceCheckLastForPlaceEng -->
  <system-out/>
  <testcase name="WhiteSpaceCheckInitialForLandmarkEng" time="0.000" classname="com.JANAADHAAR.Enrollment.WhiteSpaceCheck_BasicFamilyInformation">
    <skipped/>
  </testcase> <!-- WhiteSpaceCheckInitialForLandmarkEng -->
  <system-out/>
  <testcase name="WhiteSpaceCheckLastForLandmarkEng" time="0.000" classname="com.JANAADHAAR.Enrollment.WhiteSpaceCheck_BasicFamilyInformation">
    <skipped/>
  </testcase> <!-- WhiteSpaceCheckLastForLandmarkEng -->
  <system-out/>
  <testcase name="WhiteSpaceCheckInitialForDurationOfStay" time="0.000" classname="com.JANAADHAAR.Enrollment.WhiteSpaceCheck_BasicFamilyInformation">
    <skipped/>
  </testcase> <!-- WhiteSpaceCheckInitialForDurationOfStay -->
  <system-out/>
  <testcase name="WhiteSpaceCheckLastForDurationOfStay" time="0.000" classname="com.JANAADHAAR.Enrollment.WhiteSpaceCheck_BasicFamilyInformation">
    <skipped/>
  </testcase> <!-- WhiteSpaceCheckLastForDurationOfStay -->
  <system-out/>
  <testcase name="WhiteSpaceCheckInitialForTelephoneNo" time="0.000" classname="com.JANAADHAAR.Enrollment.WhiteSpaceCheck_BasicFamilyInformation">
    <skipped/>
  </testcase> <!-- WhiteSpaceCheckInitialForTelephoneNo -->
  <system-out/>
  <testcase name="WhiteSpaceCheckLastForTelephoneNo" time="0.000" classname="com.JANAADHAAR.Enrollment.WhiteSpaceCheck_BasicFamilyInformation">
    <skipped/>
  </testcase> <!-- WhiteSpaceCheckLastForTelephoneNo -->
  <system-out/>
  <testcase name="WhiteSpaceCheckInitialForElectricityBillNo" time="0.000" classname="com.JANAADHAAR.Enrollment.WhiteSpaceCheck_BasicFamilyInformation">
    <skipped/>
  </testcase> <!-- WhiteSpaceCheckInitialForElectricityBillNo -->
  <system-out/>
  <testcase name="WhiteSpaceCheckLastForElectricityBillNo" time="0.000" classname="com.JANAADHAAR.Enrollment.WhiteSpaceCheck_BasicFamilyInformation">
    <skipped/>
  </testcase> <!-- WhiteSpaceCheckLastForElectricityBillNo -->
  <system-out/>
  <testcase name="WhiteSpaceCheckInitialForWaterBillNo" time="0.000" classname="com.JANAADHAAR.Enrollment.WhiteSpaceCheck_BasicFamilyInformation">
    <skipped/>
  </testcase> <!-- WhiteSpaceCheckInitialForWaterBillNo -->
  <system-out/>
  <testcase name="WhiteSpaceCheckLastForWaterBillNo" time="0.000" classname="com.JANAADHAAR.Enrollment.WhiteSpaceCheck_BasicFamilyInformation">
    <skipped/>
  </testcase> <!-- WhiteSpaceCheckLastForWaterBillNo -->
  <system-out/>
  <testcase name="WhiteSpaceCheckInitialForGasConnectionNo" time="0.000" classname="com.JANAADHAAR.Enrollment.WhiteSpaceCheck_BasicFamilyInformation">
    <skipped/>
  </testcase> <!-- WhiteSpaceCheckInitialForGasConnectionNo -->
  <system-out/>
  <testcase name="WhiteSpaceCheckInitialForBPLNo" time="0.000" classname="com.JANAADHAAR.Enrollment.WhiteSpaceCheck_BasicFamilyInformation">
    <skipped/>
  </testcase> <!-- WhiteSpaceCheckInitialForBPLNo -->
  <system-out/>
  <testcase name="WhiteSpaceCheckLastForBPLNo" time="0.000" classname="com.JANAADHAAR.Enrollment.WhiteSpaceCheck_BasicFamilyInformation">
    <skipped/>
  </testcase> <!-- WhiteSpaceCheckLastForBPLNo -->
  <system-out/>
  <testcase name="WhiteSpaceCheckLastForGasConnectionNo" time="0.000" classname="com.JANAADHAAR.Enrollment.WhiteSpaceCheck_BasicFamilyInformation">
    <skipped/>
  </testcase> <!-- WhiteSpaceCheckLastForGasConnectionNo -->
  <system-out/>
</testsuite> <!-- com.JANAADHAAR.Enrollment.WhiteSpaceCheck_BasicFamilyInformation -->
