<?xml version="1.0" encoding="UTF-8"?>
<!-- Generated by org.testng.reporters.JUnitReportReporter -->
<testsuite skipped="13" hostname="CSMBHUD256" name="com.JANAADHAAR.Enrollment.LengthCheck_BasicFamilyInformation" tests="14" failures="0" timestamp="2022-06-02T14:47:45 IST" time="0.001" errors="1">
  <testcase name="EnterBasicFamilyInformationScreen" time="0.000" classname="com.JANAADHAAR.Enrollment.LengthCheck_BasicFamilyInformation">
    <skipped/>
  </testcase> <!-- EnterBasicFamilyInformationScreen -->
  <system-out/>
  <testcase name="openBrowser" time="0.001" classname="com.JANAADHAAR.Enrollment.LengthCheck_BasicFamilyInformation">
    <error type="java.lang.NoClassDefFoundError" message="org/apache/hc/core5/http/ClassicHttpRequest">
      <![CDATA[java.lang.NoClassDefFoundError: org/apache/hc/core5/http/ClassicHttpRequest
at com.JANAADHAAR.GenericsLibrary.BaseTest.openBrowser(BaseTest.java:20)
at sun.reflect.NativeMethodAccessorImpl.invoke0(Native Method)
at sun.reflect.NativeMethodAccessorImpl.invoke(NativeMethodAccessorImpl.java:62)
at sun.reflect.DelegatingMethodAccessorImpl.invoke(DelegatingMethodAccessorImpl.java:43)
at java.lang.reflect.Method.invoke(Method.java:498)
at org.testng.internal.MethodInvocationHelper.invokeMethod(MethodInvocationHelper.java:133)
at org.testng.internal.MethodInvocationHelper.invokeMethodConsideringTimeout(MethodInvocationHelper.java:62)
at org.testng.internal.ConfigInvoker.invokeConfigurationMethod(ConfigInvoker.java:385)
at org.testng.internal.ConfigInvoker.invokeConfigurations(ConfigInvoker.java:321)
at org.testng.internal.TestMethodWorker.invokeBeforeClassMethods(TestMethodWorker.java:176)
at org.testng.internal.TestMethodWorker.run(TestMethodWorker.java:122)
at java.util.ArrayList.forEach(ArrayList.java:1257)
at org.testng.TestRunner.privateRun(TestRunner.java:794)
at org.testng.TestRunner.run(TestRunner.java:596)
at org.testng.SuiteRunner.runTest(SuiteRunner.java:377)
at org.testng.SuiteRunner.runSequentially(SuiteRunner.java:371)
at org.testng.SuiteRunner.privateRun(SuiteRunner.java:332)
at org.testng.SuiteRunner.run(SuiteRunner.java:276)
at org.testng.SuiteRunnerWorker.runSuite(SuiteRunnerWorker.java:53)
at org.testng.SuiteRunnerWorker.run(SuiteRunnerWorker.java:96)
at org.testng.TestNG.runSuitesSequentially(TestNG.java:1212)
at org.testng.TestNG.runSuitesLocally(TestNG.java:1134)
at org.testng.TestNG.runSuites(TestNG.java:1063)
at org.testng.TestNG.run(TestNG.java:1031)
at org.testng.remote.AbstractRemoteTestNG.run(AbstractRemoteTestNG.java:115)
at org.testng.remote.RemoteTestNG.initAndRun(RemoteTestNG.java:251)
at org.testng.remote.RemoteTestNG.main(RemoteTestNG.java:77)
Caused by: java.lang.ClassNotFoundException: org.apache.hc.core5.http.ClassicHttpRequest
at java.net.URLClassLoader.findClass(URLClassLoader.java:381)
at java.lang.ClassLoader.loadClass(ClassLoader.java:424)
at sun.misc.Launcher$AppClassLoader.loadClass(Launcher.java:349)
at java.lang.ClassLoader.loadClass(ClassLoader.java:357)
... 27 more
]]>
    </error>
  </testcase> <!-- openBrowser -->
  <system-out/>
  <testcase name="MaxLengthCheckForPincode" time="0.000" classname="com.JANAADHAAR.Enrollment.LengthCheck_BasicFamilyInformation">
    <skipped/>
  </testcase> <!-- MaxLengthCheckForPincode -->
  <system-out/>
  <testcase name="MaxLengthCheckForHouseNo" time="0.000" classname="com.JANAADHAAR.Enrollment.LengthCheck_BasicFamilyInformation">
    <skipped/>
  </testcase> <!-- MaxLengthCheckForHouseNo -->
  <system-out/>
  <testcase name="MaxLengthCheckForStreetEng" time="0.000" classname="com.JANAADHAAR.Enrollment.LengthCheck_BasicFamilyInformation">
    <skipped/>
  </testcase> <!-- MaxLengthCheckForStreetEng -->
  <system-out/>
  <testcase name="MaxLengthCheckForPlaceEng" time="0.000" classname="com.JANAADHAAR.Enrollment.LengthCheck_BasicFamilyInformation">
    <skipped/>
  </testcase> <!-- MaxLengthCheckForPlaceEng -->
  <system-out/>
  <testcase name="MaxLengthCheckForLandmarkEng" time="0.000" classname="com.JANAADHAAR.Enrollment.LengthCheck_BasicFamilyInformation">
    <skipped/>
  </testcase> <!-- MaxLengthCheckForLandmarkEng -->
  <system-out/>
  <testcase name="MaxLengthCheckForDurationOfStay" time="0.000" classname="com.JANAADHAAR.Enrollment.LengthCheck_BasicFamilyInformation">
    <skipped/>
  </testcase> <!-- MaxLengthCheckForDurationOfStay -->
  <system-out/>
  <testcase name="MinLengthCheckForTelephoneNo" time="0.000" classname="com.JANAADHAAR.Enrollment.LengthCheck_BasicFamilyInformation">
    <skipped/>
  </testcase> <!-- MinLengthCheckForTelephoneNo -->
  <system-out/>
  <testcase name="MaxLengthCheckForTelephoneNo" time="0.000" classname="com.JANAADHAAR.Enrollment.LengthCheck_BasicFamilyInformation">
    <skipped/>
  </testcase> <!-- MaxLengthCheckForTelephoneNo -->
  <system-out/>
  <testcase name="MaxLengthCheckForElectricityBillNo" time="0.000" classname="com.JANAADHAAR.Enrollment.LengthCheck_BasicFamilyInformation">
    <skipped/>
  </testcase> <!-- MaxLengthCheckForElectricityBillNo -->
  <system-out/>
  <testcase name="MaxLengthCheckForGasConnectionNo" time="0.000" classname="com.JANAADHAAR.Enrollment.LengthCheck_BasicFamilyInformation">
    <skipped/>
  </testcase> <!-- MaxLengthCheckForGasConnectionNo -->
  <system-out/>
  <testcase name="MaxLengthCheckForWaterBillNo" time="0.000" classname="com.JANAADHAAR.Enrollment.LengthCheck_BasicFamilyInformation">
    <skipped/>
  </testcase> <!-- MaxLengthCheckForWaterBillNo -->
  <system-out/>
  <testcase name="MaxLengthCheckForBPLNo" time="0.000" classname="com.JANAADHAAR.Enrollment.LengthCheck_BasicFamilyInformation">
    <skipped/>
  </testcase> <!-- MaxLengthCheckForBPLNo -->
  <system-out/>
</testsuite> <!-- com.JANAADHAAR.Enrollment.LengthCheck_BasicFamilyInformation -->
