<?xml version="1.0" encoding="UTF-8"?>
<!-- Generated by org.testng.reporters.JUnitReportReporter -->
<testsuite skipped="0" hostname="CSMBHUD215" name="com.JANAADHAAR.Enrollment.LengthCheck_FamilyMemberDetails" tests="15" failures="0" timestamp="2022-04-14T10:52:06 IST" time="231.815" errors="0">
  <testcase name="EnterBasicFamilyInformationScreen" time="15.029" classname="com.JANAADHAAR.Enrollment.LengthCheck_FamilyMemberDetails"/>
  <system-out/>
  <testcase name="LengthCheckForAadhaarNo" time="215.846" classname="com.JANAADHAAR.Enrollment.LengthCheck_FamilyMemberDetails"/>
  <system-out/>
  <testcase name="LengthCheckForFirstNameEng" time="0.087" classname="com.JANAADHAAR.Enrollment.LengthCheck_FamilyMemberDetails"/>
  <system-out/>
  <testcase name="LengthCheckForMiddleNameEng" time="0.078" classname="com.JANAADHAAR.Enrollment.LengthCheck_FamilyMemberDetails"/>
  <system-out/>
  <testcase name="LengthCheckForLastNameEng" time="0.075" classname="com.JANAADHAAR.Enrollment.LengthCheck_FamilyMemberDetails"/>
  <system-out/>
  <testcase name="LengthCheckForFatherNameEng" time="0.082" classname="com.JANAADHAAR.Enrollment.LengthCheck_FamilyMemberDetails"/>
  <system-out/>
  <testcase name="LengthCheckForMotherNameEng" time="0.076" classname="com.JANAADHAAR.Enrollment.LengthCheck_FamilyMemberDetails"/>
  <system-out/>
  <testcase name="LengthCheckForAnnualIncome" time="0.081" classname="com.JANAADHAAR.Enrollment.LengthCheck_FamilyMemberDetails"/>
  <system-out/>
  <testcase name="LengthCheckForMobileNumber" time="0.070" classname="com.JANAADHAAR.Enrollment.LengthCheck_FamilyMemberDetails"/>
  <system-out/>
  <testcase name="LengthCheckForBankAccountNumber" time="0.069" classname="com.JANAADHAAR.Enrollment.LengthCheck_FamilyMemberDetails"/>
  <system-out/>
  <testcase name="LengthCheckForPANNumber" time="0.079" classname="com.JANAADHAAR.Enrollment.LengthCheck_FamilyMemberDetails"/>
  <system-out/>
  <testcase name="LengthCheckForDLNumber" time="0.060" classname="com.JANAADHAAR.Enrollment.LengthCheck_FamilyMemberDetails"/>
  <system-out/>
  <testcase name="LengthCheckForPassportNumber" time="0.066" classname="com.JANAADHAAR.Enrollment.LengthCheck_FamilyMemberDetails"/>
  <system-out/>
  <testcase name="LengthCheckForVoterIDNumber" time="0.060" classname="com.JANAADHAAR.Enrollment.LengthCheck_FamilyMemberDetails"/>
  <system-out/>
  <testcase name="LengthCheckForMGNREGANumber" time="0.057" classname="com.JANAADHAAR.Enrollment.LengthCheck_FamilyMemberDetails"/>
  <system-out/>
</testsuite> <!-- com.JANAADHAAR.Enrollment.LengthCheck_FamilyMemberDetails -->
