<?xml version="1.0" encoding="UTF-8"?>
<!-- Generated by org.testng.reporters.JUnitReportReporter -->
<testsuite skipped="0" hostname="CSMBHUD215" name="com.JANAADHAAR.Enrollment.MandatoryCheck_FamilyMemberDetails" tests="20" failures="0" timestamp="2022-04-13T11:48:19 IST" time="201.923" errors="0">
  <testcase name="EnterBasicFamilyInformationScreen" time="113.227" classname="com.JANAADHAAR.Enrollment.MandatoryCheck_FamilyMemberDetails"/>
  <system-out/>
  <testcase name="MandatoryCheckForUploadPhoto" time="4.879" classname="com.JANAADHAAR.Enrollment.MandatoryCheck_FamilyMemberDetails"/>
  <system-out/>
  <testcase name="MandatoryCheckForAadhaarNo" time="12.161" classname="com.JANAADHAAR.Enrollment.MandatoryCheck_FamilyMemberDetails"/>
  <system-out/>
  <testcase name="MandatoryCheckForFirstNameEng" time="4.203" classname="com.JANAADHAAR.Enrollment.MandatoryCheck_FamilyMemberDetails"/>
  <system-out/>
  <testcase name="MandatoryCheckForLastNameEng" time="4.222" classname="com.JANAADHAAR.Enrollment.MandatoryCheck_FamilyMemberDetails"/>
  <system-out/>
  <testcase name="MandatoryCheckForFirstNameHnd" time="4.220" classname="com.JANAADHAAR.Enrollment.MandatoryCheck_FamilyMemberDetails"/>
  <system-out/>
  <testcase name="MandatoryCheckForLastNameHnd" time="4.199" classname="com.JANAADHAAR.Enrollment.MandatoryCheck_FamilyMemberDetails"/>
  <system-out/>
  <testcase name="MandatoryCheckForGender" time="4.250" classname="com.JANAADHAAR.Enrollment.MandatoryCheck_FamilyMemberDetails"/>
  <system-out/>
  <testcase name="MandatoryCheckForDOB" time="4.232" classname="com.JANAADHAAR.Enrollment.MandatoryCheck_FamilyMemberDetails"/>
  <system-out/>
  <testcase name="MandatoryCheckForFatherNameEng" time="4.252" classname="com.JANAADHAAR.Enrollment.MandatoryCheck_FamilyMemberDetails"/>
  <system-out/>
  <testcase name="MandatoryCheckForMotherNameEng" time="4.172" classname="com.JANAADHAAR.Enrollment.MandatoryCheck_FamilyMemberDetails"/>
  <system-out/>
  <testcase name="MandatoryCheckForFatherNameHnd" time="4.220" classname="com.JANAADHAAR.Enrollment.MandatoryCheck_FamilyMemberDetails"/>
  <system-out/>
  <testcase name="MandatoryCheckForMotherNameHnd" time="4.209" classname="com.JANAADHAAR.Enrollment.MandatoryCheck_FamilyMemberDetails"/>
  <system-out/>
  <testcase name="MandatoryCheckForFamilyCategory" time="4.229" classname="com.JANAADHAAR.Enrollment.MandatoryCheck_FamilyMemberDetails"/>
  <system-out/>
  <testcase name="MandatoryCheckForCaste" time="4.221" classname="com.JANAADHAAR.Enrollment.MandatoryCheck_FamilyMemberDetails"/>
  <system-out/>
  <testcase name="MandatoryCheckForMaritalStatus" time="4.210" classname="com.JANAADHAAR.Enrollment.MandatoryCheck_FamilyMemberDetails"/>
  <system-out/>
  <testcase name="MandatoryCheckForResidentCategory" time="4.207" classname="com.JANAADHAAR.Enrollment.MandatoryCheck_FamilyMemberDetails"/>
  <system-out/>
  <testcase name="MandatoryCheckForEducationLevel" time="4.186" classname="com.JANAADHAAR.Enrollment.MandatoryCheck_FamilyMemberDetails"/>
  <system-out/>
  <testcase name="MandatoryCheckForOccupation" time="4.212" classname="com.JANAADHAAR.Enrollment.MandatoryCheck_FamilyMemberDetails"/>
  <system-out/>
  <testcase name="MandatoryCheckForLandOwner" time="4.212" classname="com.JANAADHAAR.Enrollment.MandatoryCheck_FamilyMemberDetails"/>
  <system-out/>
</testsuite> <!-- com.JANAADHAAR.Enrollment.MandatoryCheck_FamilyMemberDetails -->
