<?xml version="1.0" encoding="UTF-8"?>
<!-- Generated by org.testng.reporters.JUnitReportReporter -->
<testsuite hostname="CSMBHUD215" failures="0" tests="7" name="com.JANAADHAAR.Enrollment.FieldValidation_BasicDetails" time="392.421" errors="0" timestamp="2021-10-29T10:14:09 IST" skipped="0">
  <testcase classname="com.JANAADHAAR.Enrollment.FieldValidation_BasicDetails" name="EnterCitizenRegistrationScreen" time="10.616"/>
  <system-out/>
  <testcase classname="com.JANAADHAAR.Enrollment.FieldValidation_BasicDetails" name="MandatoryCheckForBasicDetails" time="154.717"/>
  <system-out/>
  <testcase classname="com.JANAADHAAR.Enrollment.FieldValidation_BasicDetails" name="SpecialCharCheckforBasicDetails" time="44.933"/>
  <system-out/>
  <testcase classname="com.JANAADHAAR.Enrollment.FieldValidation_BasicDetails" name="AlphanumericCharCheckforCitizenRegistration" time="49.111"/>
  <system-out/>
  <testcase classname="com.JANAADHAAR.Enrollment.FieldValidation_BasicDetails" name="LengthCheckForBasicDetails" time="3.213"/>
  <system-out/>
  <testcase classname="com.JANAADHAAR.Enrollment.FieldValidation_BasicDetails" name="WhiteSpaceCheckForBasicDetails" time="128.561"/>
  <system-out/>
  <testcase classname="com.JANAADHAAR.Enrollment.FieldValidation_BasicDetails" name="DropdownVerifyForBasicDetails" time="1.270"/>
  <system-out/>
</testsuite> <!-- com.JANAADHAAR.Enrollment.FieldValidation_BasicDetails -->
