<?xml version="1.0" encoding="UTF-8"?>
<!-- Generated by org.testng.reporters.JUnitReportReporter -->
<testsuite hostname="CSMBHUD215" failures="0" tests="7" name="com.JANAADHAAR.Enrollment.FieldValidation_PersonalInformationHoF" time="1845.222" errors="0" timestamp="2021-10-26T16:21:21 IST" skipped="0">
  <testcase classname="com.JANAADHAAR.Enrollment.FieldValidation_PersonalInformationHoF" name="EnterPersonalInformationHoFScreen" time="38.369"/>
  <system-out/>
  <testcase classname="com.JANAADHAAR.Enrollment.FieldValidation_PersonalInformationHoF" name="MandatoryCheckForPersonalInformationHoF" time="798.576"/>
  <system-out/>
  <testcase classname="com.JANAADHAAR.Enrollment.FieldValidation_PersonalInformationHoF" name="SpecialCharCheckforPersonalInformationHoF" time="193.682"/>
  <system-out/>
  <testcase classname="com.JANAADHAAR.Enrollment.FieldValidation_PersonalInformationHoF" name="AlphaNumericCharCheckforPersonalInformationHoF" time="192.069"/>
  <system-out/>
  <testcase classname="com.JANAADHAAR.Enrollment.FieldValidation_PersonalInformationHoF" name="LengthCheckForPersonalInformationHoF" time="26.240"/>
  <system-out/>
  <testcase classname="com.JANAADHAAR.Enrollment.FieldValidation_PersonalInformationHoF" name="WhiteSpaceCheckforPersonalInformationHoF" time="473.441"/>
  <system-out/>
  <testcase classname="com.JANAADHAAR.Enrollment.FieldValidation_PersonalInformationHoF" name="DropdownVerifyForPersonalInformationHoF" time="122.845"/>
  <system-out/>
</testsuite> <!-- com.JANAADHAAR.Enrollment.FieldValidation_PersonalInformationHoF -->
