<?xml version="1.0" encoding="UTF-8"?>
<!-- Generated by org.testng.reporters.JUnitReportReporter -->
<testsuite skipped="0" hostname="CSMBHUD215" name="com.JANAADHAAR.Enrollment.OtherConditionsCheck_FamilyMemberDetails" tests="8" failures="0" timestamp="2022-04-14T15:06:33 IST" time="278.339" errors="0">
  <testcase name="EnterBasicFamilyInformationScreen" time="13.765" classname="com.JANAADHAAR.Enrollment.OtherConditionsCheck_FamilyMemberDetails"/>
  <system-out/>
  <testcase name="CheckValidLabourCardNo" time="173.059" classname="com.JANAADHAAR.Enrollment.OtherConditionsCheck_FamilyMemberDetails"/>
  <system-out/>
  <testcase name="CheckInValidLabourCardNo" time="5.609" classname="com.JANAADHAAR.Enrollment.OtherConditionsCheck_FamilyMemberDetails"/>
  <system-out/>
  <testcase name="CheckInValidRationCardNo" time="7.597" classname="com.JANAADHAAR.Enrollment.OtherConditionsCheck_FamilyMemberDetails"/>
  <system-out/>
  <testcase name="CheckValidRationCardNo" time="17.464" classname="com.JANAADHAAR.Enrollment.OtherConditionsCheck_FamilyMemberDetails"/>
  <system-out/>
  <testcase name="CheckValidSSPPONo" time="4.363" classname="com.JANAADHAAR.Enrollment.OtherConditionsCheck_FamilyMemberDetails"/>
  <system-out/>
  <testcase name="CheckInvalidSSPPONo" time="12.998" classname="com.JANAADHAAR.Enrollment.OtherConditionsCheck_FamilyMemberDetails"/>
  <system-out/>
  <testcase name="CheckValidationForEmailId" time="43.484" classname="com.JANAADHAAR.Enrollment.OtherConditionsCheck_FamilyMemberDetails"/>
  <system-out/>
</testsuite> <!-- com.JANAADHAAR.Enrollment.OtherConditionsCheck_FamilyMemberDetails -->
